c:\others\digi-repo\tri 2\csd1130\week8\csd1130_-_assignment_3_-_part_2\csd1130_-_assignment_3_-_part_2\csd1130_platformer\csd1130_platformer\x64\debug\vc142.pdb
c:\others\digi-repo\tri 2\csd1130\week8\csd1130_-_assignment_3_-_part_2\csd1130_-_assignment_3_-_part_2\csd1130_platformer\csd1130_platformer\x64\debug\vc142.idb
c:\others\digi-repo\tri 2\csd1130\week8\csd1130_-_assignment_3_-_part_2\csd1130_-_assignment_3_-_part_2\csd1130_platformer\csd1130_platformer\x64\debug\main.obj
c:\others\digi-repo\tri 2\csd1130\week8\csd1130_-_assignment_3_-_part_2\csd1130_-_assignment_3_-_part_2\csd1130_platformer\csd1130_platformer\x64\debug\gamestate_platform.obj
c:\others\digi-repo\tri 2\csd1130\week8\csd1130_-_assignment_3_-_part_2\csd1130_-_assignment_3_-_part_2\csd1130_platformer\csd1130_platformer\x64\debug\gamestatemgr.obj
c:\others\digi-repo\tri 2\csd1130\week8\csd1130_-_assignment_3_-_part_2\csd1130_-_assignment_3_-_part_2\csd1130_platformer\csd1130_platformer\x64\debug\collision.obj
c:\others\digi-repo\tri 2\csd1130\week8\csd1130_-_assignment_3_-_part_2\csd1130_-_assignment_3_-_part_2\csd1130_platformer\csd1130_platformer\x64\debug\renderingsystem.obj
c:\others\digi-repo\tri 2\csd1130\week8\csd1130_-_assignment_3_-_part_2\csd1130_-_assignment_3_-_part_2\csd1130_platformer\csd1130_platformer\x64\debug\particlesystem.obj
c:\others\digi-repo\tri 2\csd1130\week8\csd1130_-_assignment_3_-_part_2\csd1130_-_assignment_3_-_part_2\csd1130_platformer\csd1130_platformer\x64\debug\particle.obj
c:\others\digi-repo\tri 2\csd1130\week8\csd1130_-_assignment_3_-_part_2\csd1130_-_assignment_3_-_part_2\csd1130_platformer\bin\csd1130_platformerd.exe
c:\others\digi-repo\tri 2\csd1130\week8\csd1130_-_assignment_3_-_part_2\csd1130_-_assignment_3_-_part_2\csd1130_platformer\csd1130_platformer\x64\debug\csd1130_platformerd.ilk
c:\others\digi-repo\tri 2\csd1130\week8\csd1130_-_assignment_3_-_part_2\csd1130_-_assignment_3_-_part_2\csd1130_platformer\bin\csd1130_platformerd.pdb
c:\others\digi-repo\tri 2\csd1130\week8\csd1130_-_assignment_3_-_part_2\csd1130_-_assignment_3_-_part_2\csd1130_platformer\csd1130_platformer\x64\debug\binarymap.obj
c:\others\digi-repo\tri 2\csd1130\week8\csd1130_-_assignment_3_-_part_2\csd1130_-_assignment_3_-_part_2\csd1130_platformer\\bin\csd1130_platformerd.pdb
c:\others\digi-repo\tri 2\csd1130\week8\csd1130_-_assignment_3_-_part_2\csd1130_-_assignment_3_-_part_2\csd1130_platformer\csd1130_platformer\x64\debug\csd1130_.a3baec71.tlog\cl.command.1.tlog
c:\others\digi-repo\tri 2\csd1130\week8\csd1130_-_assignment_3_-_part_2\csd1130_-_assignment_3_-_part_2\csd1130_platformer\csd1130_platformer\x64\debug\csd1130_.a3baec71.tlog\cl.read.1.tlog
c:\others\digi-repo\tri 2\csd1130\week8\csd1130_-_assignment_3_-_part_2\csd1130_-_assignment_3_-_part_2\csd1130_platformer\csd1130_platformer\x64\debug\csd1130_.a3baec71.tlog\cl.write.1.tlog
c:\others\digi-repo\tri 2\csd1130\week8\csd1130_-_assignment_3_-_part_2\csd1130_-_assignment_3_-_part_2\csd1130_platformer\csd1130_platformer\x64\debug\csd1130_.a3baec71.tlog\link.command.1.tlog
c:\others\digi-repo\tri 2\csd1130\week8\csd1130_-_assignment_3_-_part_2\csd1130_-_assignment_3_-_part_2\csd1130_platformer\csd1130_platformer\x64\debug\csd1130_.a3baec71.tlog\link.read.1.tlog
c:\others\digi-repo\tri 2\csd1130\week8\csd1130_-_assignment_3_-_part_2\csd1130_-_assignment_3_-_part_2\csd1130_platformer\csd1130_platformer\x64\debug\csd1130_.a3baec71.tlog\link.write.1.tlog
