  Collision.cpp
C:\Users\user\Desktop\DigipenRepo\DigipenAssignment\Digipen\Tri 2\CSD1130\Week11\CSD1130 - Assignment 4 - Part 2\CSD1130 - Assignment 4 - Part 2\CSD1130_Cage_Part2\CSD1130_Cage_Part2\Source\Collision.cpp(33,1): error C2059: syntax error: '}'
C:\Users\user\Desktop\DigipenRepo\DigipenAssignment\Digipen\Tri 2\CSD1130\Week11\CSD1130 - Assignment 4 - Part 2\CSD1130 - Assignment 4 - Part 2\CSD1130_Cage_Part2\CSD1130_Cage_Part2\Source\Collision.cpp(33,1): error C2143: syntax error: missing ';' before '}'
C:\Users\user\Desktop\DigipenRepo\DigipenAssignment\Digipen\Tri 2\CSD1130\Week11\CSD1130 - Assignment 4 - Part 2\CSD1130 - Assignment 4 - Part 2\CSD1130_Cage_Part2\CSD1130_Cage_Part2\Source\Collision.cpp(50,6): error C2059: syntax error: ')'
  Matrix3x3.cpp
C:\Users\user\Desktop\DigipenRepo\DigipenAssignment\Digipen\Tri 2\CSD1130\Week11\CSD1130 - Assignment 4 - Part 2\CSD1130 - Assignment 4 - Part 2\CSD1130_Cage_Part2\CSD1130_Cage_Part2\include\Vector2D.h(41,11): error C4430: missing type specifier - int assumed. Note: C++ does not support default-int
C:\Users\user\Desktop\DigipenRepo\DigipenAssignment\Digipen\Tri 2\CSD1130\Week11\CSD1130 - Assignment 4 - Part 2\CSD1130 - Assignment 4 - Part 2\CSD1130_Cage_Part2\CSD1130_Cage_Part2\include\Vector2D.h(41,24): error C2143: syntax error: missing ',' before '&'
C:\Users\user\Desktop\DigipenRepo\DigipenAssignment\Digipen\Tri 2\CSD1130\Week11\CSD1130 - Assignment 4 - Part 2\CSD1130 - Assignment 4 - Part 2\CSD1130_Cage_Part2\CSD1130_Cage_Part2\Source\Matrix3x3.cpp(201,18): warning C4244: 'initializing': conversion from 'double' to 'float', possible loss of data
C:\Users\user\Desktop\DigipenRepo\DigipenAssignment\Digipen\Tri 2\CSD1130\Week11\CSD1130 - Assignment 4 - Part 2\CSD1130 - Assignment 4 - Part 2\CSD1130_Cage_Part2\CSD1130_Cage_Part2\Source\Matrix3x3.cpp(202,18): warning C4244: 'initializing': conversion from 'double' to 'float', possible loss of data
C:\Users\user\Desktop\DigipenRepo\DigipenAssignment\Digipen\Tri 2\CSD1130\Week11\CSD1130 - Assignment 4 - Part 2\CSD1130 - Assignment 4 - Part 2\CSD1130_Cage_Part2\CSD1130_Cage_Part2\Source\Matrix3x3.cpp(220,18): warning C4244: 'initializing': conversion from 'double' to 'float', possible loss of data
  Vector2D.cpp
C:\Users\user\Desktop\DigipenRepo\DigipenAssignment\Digipen\Tri 2\CSD1130\Week11\CSD1130 - Assignment 4 - Part 2\CSD1130 - Assignment 4 - Part 2\CSD1130_Cage_Part2\CSD1130_Cage_Part2\include\Vector2D.h(41,11): error C4430: missing type specifier - int assumed. Note: C++ does not support default-int
C:\Users\user\Desktop\DigipenRepo\DigipenAssignment\Digipen\Tri 2\CSD1130\Week11\CSD1130 - Assignment 4 - Part 2\CSD1130 - Assignment 4 - Part 2\CSD1130_Cage_Part2\CSD1130_Cage_Part2\include\Vector2D.h(41,24): error C2143: syntax error: missing ',' before '&'
C:\Users\user\Desktop\DigipenRepo\DigipenAssignment\Digipen\Tri 2\CSD1130\Week11\CSD1130 - Assignment 4 - Part 2\CSD1130 - Assignment 4 - Part 2\CSD1130_Cage_Part2\CSD1130_Cage_Part2\Source\Vector2D.cpp(56,2): error C2511: 'CSD1130::Vector2D::Vector2D(const AEVec2 &)': overloaded member function not found in 'CSD1130::Vector2D'
C:\Users\user\Desktop\DigipenRepo\DigipenAssignment\Digipen\Tri 2\CSD1130\Week11\CSD1130 - Assignment 4 - Part 2\CSD1130 - Assignment 4 - Part 2\CSD1130_Cage_Part2\CSD1130_Cage_Part2\include\Vector2D.h(29): message : see declaration of 'CSD1130::Vector2D'
C:\Users\user\Desktop\DigipenRepo\DigipenAssignment\Digipen\Tri 2\CSD1130\Week11\CSD1130 - Assignment 4 - Part 2\CSD1130 - Assignment 4 - Part 2\CSD1130_Cage_Part2\CSD1130_Cage_Part2\Source\Vector2D.cpp(57,3): error C2671: 'CSD1130::Vector2D::{ctor}': static member functions do not have 'this' pointers
C:\Users\user\Desktop\DigipenRepo\DigipenAssignment\Digipen\Tri 2\CSD1130\Week11\CSD1130 - Assignment 4 - Part 2\CSD1130 - Assignment 4 - Part 2\CSD1130_Cage_Part2\CSD1130_Cage_Part2\Source\Vector2D.cpp(58,3): error C2671: 'CSD1130::Vector2D::{ctor}': static member functions do not have 'this' pointers
C:\Users\user\Desktop\DigipenRepo\DigipenAssignment\Digipen\Tri 2\CSD1130\Week11\CSD1130 - Assignment 4 - Part 2\CSD1130 - Assignment 4 - Part 2\CSD1130_Cage_Part2\CSD1130_Cage_Part2\Source\Vector2D.cpp(140,19): warning C4244: 'initializing': conversion from 'double' to 'float', possible loss of data
C:\Users\user\Desktop\DigipenRepo\DigipenAssignment\Digipen\Tri 2\CSD1130\Week11\CSD1130 - Assignment 4 - Part 2\CSD1130 - Assignment 4 - Part 2\CSD1130_Cage_Part2\CSD1130_Cage_Part2\Source\Vector2D.cpp(160,14): warning C4244: 'return': conversion from 'double' to 'float', possible loss of data
C:\Users\user\Desktop\DigipenRepo\DigipenAssignment\Digipen\Tri 2\CSD1130\Week11\CSD1130 - Assignment 4 - Part 2\CSD1130 - Assignment 4 - Part 2\CSD1130_Cage_Part2\CSD1130_Cage_Part2\Source\Vector2D.cpp(184,14): warning C4244: 'return': conversion from 'double' to 'float', possible loss of data
  Generating Code...
